[2025-11-26 11:28:04] local.ERROR: Call to a member function format() on string {"exception":"[object] (Error(code: 0): Call to a member function format() on string at D:\\Impal3\\5SCENT_WEB\\WEB-5SCENT\\backend\\laravel-5scent\\verify_checkout_system.php:30)
[stacktrace]
#0 {main}
"} 
[2025-11-26 11:53:41] local.ERROR: Unclosed '{' on line 12 {"exception":"[object] (ParseError(code: 0): Unclosed '{' on line 12 at D:\\Impal3\\5SCENT_WEB\\WEB-5SCENT\\backend\\laravel-5scent\\app\\Http\\Controllers\\OrderController.php:199)
[stacktrace]
#0 D:\\Impal3\\5SCENT_WEB\\WEB-5SCENT\\backend\\laravel-5scent\\vendor\\composer\\ClassLoader.php(427): {closure:Composer\\Autoload\\ClassLoader::initializeIncludeClosure():575}()
#1 [internal function]: Composer\\Autoload\\ClassLoader->loadClass()
#2 D:\\Impal3\\5SCENT_WEB\\WEB-5SCENT\\backend\\laravel-5scent\\vendor\\laravel\\framework\\src\\Illuminate\\Routing\\Route.php(1125): is_a()
#3 D:\\Impal3\\5SCENT_WEB\\WEB-5SCENT\\backend\\laravel-5scent\\vendor\\laravel\\framework\\src\\Illuminate\\Routing\\Route.php(1062): Illuminate\\Routing\\Route->controllerMiddleware()
#4 D:\\Impal3\\5SCENT_WEB\\WEB-5SCENT\\backend\\laravel-5scent\\vendor\\laravel\\framework\\src\\Illuminate\\Routing\\Router.php(834): Illuminate\\Routing\\Route->gatherMiddleware()
#5 D:\\Impal3\\5SCENT_WEB\\WEB-5SCENT\\backend\\laravel-5scent\\vendor\\laravel\\framework\\src\\Illuminate\\Routing\\Router.php(816): Illuminate\\Routing\\Router->gatherRouteMiddleware()
#6 D:\\Impal3\\5SCENT_WEB\\WEB-5SCENT\\backend\\laravel-5scent\\vendor\\laravel\\framework\\src\\Illuminate\\Routing\\Router.php(800): Illuminate\\Routing\\Router->runRouteWithinStack()
#7 D:\\Impal3\\5SCENT_WEB\\WEB-5SCENT\\backend\\laravel-5scent\\vendor\\laravel\\framework\\src\\Illuminate\\Routing\\Router.php(764): Illuminate\\Routing\\Router->runRoute()
#8 D:\\Impal3\\5SCENT_WEB\\WEB-5SCENT\\backend\\laravel-5scent\\vendor\\laravel\\framework\\src\\Illuminate\\Routing\\Router.php(753): Illuminate\\Routing\\Router->dispatchToRoute()
#9 D:\\Impal3\\5SCENT_WEB\\WEB-5SCENT\\backend\\laravel-5scent\\vendor\\laravel\\framework\\src\\Illuminate\\Foundation\\Http\\Kernel.php(200): Illuminate\\Routing\\Router->dispatch()
#10 D:\\Impal3\\5SCENT_WEB\\WEB-5SCENT\\backend\\laravel-5scent\\vendor\\laravel\\framework\\src\\Illuminate\\Pipeline\\Pipeline.php(180): Illuminate\\Foundation\\Http\\Kernel->{closure:Illuminate\\Foundation\\Http\\Kernel::dispatchToRouter():197}()
#11 D:\\Impal3\\5SCENT_WEB\\WEB-5SCENT\\backend\\laravel-5scent\\vendor\\laravel\\framework\\src\\Illuminate\\Foundation\\Http\\Middleware\\TransformsRequest.php(21): Illuminate\\Pipeline\\Pipeline->{closure:Illuminate\\Pipeline\\Pipeline::prepareDestination():178}()
#12 D:\\Impal3\\5SCENT_WEB\\WEB-5SCENT\\backend\\laravel-5scent\\vendor\\laravel\\framework\\src\\Illuminate\\Foundation\\Http\\Middleware\\ConvertEmptyStringsToNull.php(31): Illuminate\\Foundation\\Http\\Middleware\\TransformsRequest->handle()
#13 D:\\Impal3\\5SCENT_WEB\\WEB-5SCENT\\backend\\laravel-5scent\\vendor\\laravel\\framework\\src\\Illuminate\\Pipeline\\Pipeline.php(219): Illuminate\\Foundation\\Http\\Middleware\\ConvertEmptyStringsToNull->handle()
#14 D:\\Impal3\\5SCENT_WEB\\WEB-5SCENT\\backend\\laravel-5scent\\vendor\\laravel\\framework\\src\\Illuminate\\Foundation\\Http\\Middleware\\TransformsRequest.php(21): Illuminate\\Pipeline\\Pipeline->{closure:{closure:Illuminate\\Pipeline\\Pipeline::carry():194}:195}()
#15 D:\\Impal3\\5SCENT_WEB\\WEB-5SCENT\\backend\\laravel-5scent\\vendor\\laravel\\framework\\src\\Illuminate\\Foundation\\Http\\Middleware\\TrimStrings.php(51): Illuminate\\Foundation\\Http\\Middleware\\TransformsRequest->handle()
#16 D:\\Impal3\\5SCENT_WEB\\WEB-5SCENT\\backend\\laravel-5scent\\vendor\\laravel\\framework\\src\\Illuminate\\Pipeline\\Pipeline.php(219): Illuminate\\Foundation\\Http\\Middleware\\TrimStrings->handle()
#17 D:\\Impal3\\5SCENT_WEB\\WEB-5SCENT\\backend\\laravel-5scent\\vendor\\laravel\\framework\\src\\Illuminate\\Http\\Middleware\\ValidatePostSize.php(27): Illuminate\\Pipeline\\Pipeline->{closure:{closure:Illuminate\\Pipeline\\Pipeline::carry():194}:195}()
#18 D:\\Impal3\\5SCENT_WEB\\WEB-5SCENT\\backend\\laravel-5scent\\vendor\\laravel\\framework\\src\\Illuminate\\Pipeline\\Pipeline.php(219): Illuminate\\Http\\Middleware\\ValidatePostSize->handle()
#19 D:\\Impal3\\5SCENT_WEB\\WEB-5SCENT\\backend\\laravel-5scent\\vendor\\laravel\\framework\\src\\Illuminate\\Foundation\\Http\\Middleware\\PreventRequestsDuringMaintenance.php(109): Illuminate\\Pipeline\\Pipeline->{closure:{closure:Illuminate\\Pipeline\\Pipeline::carry():194}:195}()
#20 D:\\Impal3\\5SCENT_WEB\\WEB-5SCENT\\backend\\laravel-5scent\\vendor\\laravel\\framework\\src\\Illuminate\\Pipeline\\Pipeline.php(219): Illuminate\\Foundation\\Http\\Middleware\\PreventRequestsDuringMaintenance->handle()
#21 D:\\Impal3\\5SCENT_WEB\\WEB-5SCENT\\backend\\laravel-5scent\\vendor\\laravel\\framework\\src\\Illuminate\\Http\\Middleware\\HandleCors.php(61): Illuminate\\Pipeline\\Pipeline->{closure:{closure:Illuminate\\Pipeline\\Pipeline::carry():194}:195}()
#22 D:\\Impal3\\5SCENT_WEB\\WEB-5SCENT\\backend\\laravel-5scent\\vendor\\laravel\\framework\\src\\Illuminate\\Pipeline\\Pipeline.php(219): Illuminate\\Http\\Middleware\\HandleCors->handle()
#23 D:\\Impal3\\5SCENT_WEB\\WEB-5SCENT\\backend\\laravel-5scent\\vendor\\laravel\\framework\\src\\Illuminate\\Http\\Middleware\\TrustProxies.php(58): Illuminate\\Pipeline\\Pipeline->{closure:{closure:Illuminate\\Pipeline\\Pipeline::carry():194}:195}()
#24 D:\\Impal3\\5SCENT_WEB\\WEB-5SCENT\\backend\\laravel-5scent\\vendor\\laravel\\framework\\src\\Illuminate\\Pipeline\\Pipeline.php(219): Illuminate\\Http\\Middleware\\TrustProxies->handle()
#25 D:\\Impal3\\5SCENT_WEB\\WEB-5SCENT\\backend\\laravel-5scent\\vendor\\laravel\\framework\\src\\Illuminate\\Foundation\\Http\\Middleware\\InvokeDeferredCallbacks.php(22): Illuminate\\Pipeline\\Pipeline->{closure:{closure:Illuminate\\Pipeline\\Pipeline::carry():194}:195}()
#26 D:\\Impal3\\5SCENT_WEB\\WEB-5SCENT\\backend\\laravel-5scent\\vendor\\laravel\\framework\\src\\Illuminate\\Pipeline\\Pipeline.php(219): Illuminate\\Foundation\\Http\\Middleware\\InvokeDeferredCallbacks->handle()
#27 D:\\Impal3\\5SCENT_WEB\\WEB-5SCENT\\backend\\laravel-5scent\\vendor\\laravel\\framework\\src\\Illuminate\\Http\\Middleware\\ValidatePathEncoding.php(26): Illuminate\\Pipeline\\Pipeline->{closure:{closure:Illuminate\\Pipeline\\Pipeline::carry():194}:195}()
#28 D:\\Impal3\\5SCENT_WEB\\WEB-5SCENT\\backend\\laravel-5scent\\vendor\\laravel\\framework\\src\\Illuminate\\Pipeline\\Pipeline.php(219): Illuminate\\Http\\Middleware\\ValidatePathEncoding->handle()
#29 D:\\Impal3\\5SCENT_WEB\\WEB-5SCENT\\backend\\laravel-5scent\\vendor\\laravel\\framework\\src\\Illuminate\\Pipeline\\Pipeline.php(137): Illuminate\\Pipeline\\Pipeline->{closure:{closure:Illuminate\\Pipeline\\Pipeline::carry():194}:195}()
#30 D:\\Impal3\\5SCENT_WEB\\WEB-5SCENT\\backend\\laravel-5scent\\vendor\\laravel\\framework\\src\\Illuminate\\Foundation\\Http\\Kernel.php(175): Illuminate\\Pipeline\\Pipeline->then()
#31 D:\\Impal3\\5SCENT_WEB\\WEB-5SCENT\\backend\\laravel-5scent\\vendor\\laravel\\framework\\src\\Illuminate\\Foundation\\Http\\Kernel.php(144): Illuminate\\Foundation\\Http\\Kernel->sendRequestThroughRouter()
#32 D:\\Impal3\\5SCENT_WEB\\WEB-5SCENT\\backend\\laravel-5scent\\public\\index.php(22): Illuminate\\Foundation\\Http\\Kernel->handle()
#33 D:\\Impal3\\5SCENT_WEB\\WEB-5SCENT\\backend\\laravel-5scent\\vendor\\laravel\\framework\\src\\Illuminate\\Foundation\\resources\\server.php(23): require_once('...')
#34 {main}
"} 
[2025-11-26 11:53:42] local.ERROR: Unclosed '{' on line 12 {"exception":"[object] (ParseError(code: 0): Unclosed '{' on line 12 at D:\\Impal3\\5SCENT_WEB\\WEB-5SCENT\\backend\\laravel-5scent\\app\\Http\\Controllers\\OrderController.php:199)
[stacktrace]
#0 D:\\Impal3\\5SCENT_WEB\\WEB-5SCENT\\backend\\laravel-5scent\\vendor\\composer\\ClassLoader.php(427): {closure:Composer\\Autoload\\ClassLoader::initializeIncludeClosure():575}()
#1 [internal function]: Composer\\Autoload\\ClassLoader->loadClass()
#2 D:\\Impal3\\5SCENT_WEB\\WEB-5SCENT\\backend\\laravel-5scent\\vendor\\laravel\\framework\\src\\Illuminate\\Routing\\Route.php(1125): is_a()
#3 D:\\Impal3\\5SCENT_WEB\\WEB-5SCENT\\backend\\laravel-5scent\\vendor\\laravel\\framework\\src\\Illuminate\\Routing\\Route.php(1062): Illuminate\\Routing\\Route->controllerMiddleware()
#4 D:\\Impal3\\5SCENT_WEB\\WEB-5SCENT\\backend\\laravel-5scent\\vendor\\laravel\\framework\\src\\Illuminate\\Routing\\Router.php(834): Illuminate\\Routing\\Route->gatherMiddleware()
#5 D:\\Impal3\\5SCENT_WEB\\WEB-5SCENT\\backend\\laravel-5scent\\vendor\\laravel\\framework\\src\\Illuminate\\Routing\\Router.php(816): Illuminate\\Routing\\Router->gatherRouteMiddleware()
#6 D:\\Impal3\\5SCENT_WEB\\WEB-5SCENT\\backend\\laravel-5scent\\vendor\\laravel\\framework\\src\\Illuminate\\Routing\\Router.php(800): Illuminate\\Routing\\Router->runRouteWithinStack()
#7 D:\\Impal3\\5SCENT_WEB\\WEB-5SCENT\\backend\\laravel-5scent\\vendor\\laravel\\framework\\src\\Illuminate\\Routing\\Router.php(764): Illuminate\\Routing\\Router->runRoute()
#8 D:\\Impal3\\5SCENT_WEB\\WEB-5SCENT\\backend\\laravel-5scent\\vendor\\laravel\\framework\\src\\Illuminate\\Routing\\Router.php(753): Illuminate\\Routing\\Router->dispatchToRoute()
#9 D:\\Impal3\\5SCENT_WEB\\WEB-5SCENT\\backend\\laravel-5scent\\vendor\\laravel\\framework\\src\\Illuminate\\Foundation\\Http\\Kernel.php(200): Illuminate\\Routing\\Router->dispatch()
#10 D:\\Impal3\\5SCENT_WEB\\WEB-5SCENT\\backend\\laravel-5scent\\vendor\\laravel\\framework\\src\\Illuminate\\Pipeline\\Pipeline.php(180): Illuminate\\Foundation\\Http\\Kernel->{closure:Illuminate\\Foundation\\Http\\Kernel::dispatchToRouter():197}()
#11 D:\\Impal3\\5SCENT_WEB\\WEB-5SCENT\\backend\\laravel-5scent\\vendor\\laravel\\framework\\src\\Illuminate\\Foundation\\Http\\Middleware\\TransformsRequest.php(21): Illuminate\\Pipeline\\Pipeline->{closure:Illuminate\\Pipeline\\Pipeline::prepareDestination():178}()
#12 D:\\Impal3\\5SCENT_WEB\\WEB-5SCENT\\backend\\laravel-5scent\\vendor\\laravel\\framework\\src\\Illuminate\\Foundation\\Http\\Middleware\\ConvertEmptyStringsToNull.php(31): Illuminate\\Foundation\\Http\\Middleware\\TransformsRequest->handle()
#13 D:\\Impal3\\5SCENT_WEB\\WEB-5SCENT\\backend\\laravel-5scent\\vendor\\laravel\\framework\\src\\Illuminate\\Pipeline\\Pipeline.php(219): Illuminate\\Foundation\\Http\\Middleware\\ConvertEmptyStringsToNull->handle()
#14 D:\\Impal3\\5SCENT_WEB\\WEB-5SCENT\\backend\\laravel-5scent\\vendor\\laravel\\framework\\src\\Illuminate\\Foundation\\Http\\Middleware\\TransformsRequest.php(21): Illuminate\\Pipeline\\Pipeline->{closure:{closure:Illuminate\\Pipeline\\Pipeline::carry():194}:195}()
#15 D:\\Impal3\\5SCENT_WEB\\WEB-5SCENT\\backend\\laravel-5scent\\vendor\\laravel\\framework\\src\\Illuminate\\Foundation\\Http\\Middleware\\TrimStrings.php(51): Illuminate\\Foundation\\Http\\Middleware\\TransformsRequest->handle()
#16 D:\\Impal3\\5SCENT_WEB\\WEB-5SCENT\\backend\\laravel-5scent\\vendor\\laravel\\framework\\src\\Illuminate\\Pipeline\\Pipeline.php(219): Illuminate\\Foundation\\Http\\Middleware\\TrimStrings->handle()
#17 D:\\Impal3\\5SCENT_WEB\\WEB-5SCENT\\backend\\laravel-5scent\\vendor\\laravel\\framework\\src\\Illuminate\\Http\\Middleware\\ValidatePostSize.php(27): Illuminate\\Pipeline\\Pipeline->{closure:{closure:Illuminate\\Pipeline\\Pipeline::carry():194}:195}()
#18 D:\\Impal3\\5SCENT_WEB\\WEB-5SCENT\\backend\\laravel-5scent\\vendor\\laravel\\framework\\src\\Illuminate\\Pipeline\\Pipeline.php(219): Illuminate\\Http\\Middleware\\ValidatePostSize->handle()
#19 D:\\Impal3\\5SCENT_WEB\\WEB-5SCENT\\backend\\laravel-5scent\\vendor\\laravel\\framework\\src\\Illuminate\\Foundation\\Http\\Middleware\\PreventRequestsDuringMaintenance.php(109): Illuminate\\Pipeline\\Pipeline->{closure:{closure:Illuminate\\Pipeline\\Pipeline::carry():194}:195}()
#20 D:\\Impal3\\5SCENT_WEB\\WEB-5SCENT\\backend\\laravel-5scent\\vendor\\laravel\\framework\\src\\Illuminate\\Pipeline\\Pipeline.php(219): Illuminate\\Foundation\\Http\\Middleware\\PreventRequestsDuringMaintenance->handle()
#21 D:\\Impal3\\5SCENT_WEB\\WEB-5SCENT\\backend\\laravel-5scent\\vendor\\laravel\\framework\\src\\Illuminate\\Http\\Middleware\\HandleCors.php(61): Illuminate\\Pipeline\\Pipeline->{closure:{closure:Illuminate\\Pipeline\\Pipeline::carry():194}:195}()
#22 D:\\Impal3\\5SCENT_WEB\\WEB-5SCENT\\backend\\laravel-5scent\\vendor\\laravel\\framework\\src\\Illuminate\\Pipeline\\Pipeline.php(219): Illuminate\\Http\\Middleware\\HandleCors->handle()
#23 D:\\Impal3\\5SCENT_WEB\\WEB-5SCENT\\backend\\laravel-5scent\\vendor\\laravel\\framework\\src\\Illuminate\\Http\\Middleware\\TrustProxies.php(58): Illuminate\\Pipeline\\Pipeline->{closure:{closure:Illuminate\\Pipeline\\Pipeline::carry():194}:195}()
#24 D:\\Impal3\\5SCENT_WEB\\WEB-5SCENT\\backend\\laravel-5scent\\vendor\\laravel\\framework\\src\\Illuminate\\Pipeline\\Pipeline.php(219): Illuminate\\Http\\Middleware\\TrustProxies->handle()
#25 D:\\Impal3\\5SCENT_WEB\\WEB-5SCENT\\backend\\laravel-5scent\\vendor\\laravel\\framework\\src\\Illuminate\\Foundation\\Http\\Middleware\\InvokeDeferredCallbacks.php(22): Illuminate\\Pipeline\\Pipeline->{closure:{closure:Illuminate\\Pipeline\\Pipeline::carry():194}:195}()
#26 D:\\Impal3\\5SCENT_WEB\\WEB-5SCENT\\backend\\laravel-5scent\\vendor\\laravel\\framework\\src\\Illuminate\\Pipeline\\Pipeline.php(219): Illuminate\\Foundation\\Http\\Middleware\\InvokeDeferredCallbacks->handle()
#27 D:\\Impal3\\5SCENT_WEB\\WEB-5SCENT\\backend\\laravel-5scent\\vendor\\laravel\\framework\\src\\Illuminate\\Http\\Middleware\\ValidatePathEncoding.php(26): Illuminate\\Pipeline\\Pipeline->{closure:{closure:Illuminate\\Pipeline\\Pipeline::carry():194}:195}()
#28 D:\\Impal3\\5SCENT_WEB\\WEB-5SCENT\\backend\\laravel-5scent\\vendor\\laravel\\framework\\src\\Illuminate\\Pipeline\\Pipeline.php(219): Illuminate\\Http\\Middleware\\ValidatePathEncoding->handle()
#29 D:\\Impal3\\5SCENT_WEB\\WEB-5SCENT\\backend\\laravel-5scent\\vendor\\laravel\\framework\\src\\Illuminate\\Pipeline\\Pipeline.php(137): Illuminate\\Pipeline\\Pipeline->{closure:{closure:Illuminate\\Pipeline\\Pipeline::carry():194}:195}()
#30 D:\\Impal3\\5SCENT_WEB\\WEB-5SCENT\\backend\\laravel-5scent\\vendor\\laravel\\framework\\src\\Illuminate\\Foundation\\Http\\Kernel.php(175): Illuminate\\Pipeline\\Pipeline->then()
#31 D:\\Impal3\\5SCENT_WEB\\WEB-5SCENT\\backend\\laravel-5scent\\vendor\\laravel\\framework\\src\\Illuminate\\Foundation\\Http\\Kernel.php(144): Illuminate\\Foundation\\Http\\Kernel->sendRequestThroughRouter()
#32 D:\\Impal3\\5SCENT_WEB\\WEB-5SCENT\\backend\\laravel-5scent\\public\\index.php(22): Illuminate\\Foundation\\Http\\Kernel->handle()
#33 D:\\Impal3\\5SCENT_WEB\\WEB-5SCENT\\backend\\laravel-5scent\\vendor\\laravel\\framework\\src\\Illuminate\\Foundation\\resources\\server.php(23): require_once('...')
#34 {main}
"} 
[2025-11-26 11:53:55] local.ERROR: Unclosed '{' on line 12 {"exception":"[object] (ParseError(code: 0): Unclosed '{' on line 12 at D:\\Impal3\\5SCENT_WEB\\WEB-5SCENT\\backend\\laravel-5scent\\app\\Http\\Controllers\\OrderController.php:199)
[stacktrace]
#0 D:\\Impal3\\5SCENT_WEB\\WEB-5SCENT\\backend\\laravel-5scent\\vendor\\composer\\ClassLoader.php(427): {closure:Composer\\Autoload\\ClassLoader::initializeIncludeClosure():575}()
#1 [internal function]: Composer\\Autoload\\ClassLoader->loadClass()
#2 D:\\Impal3\\5SCENT_WEB\\WEB-5SCENT\\backend\\laravel-5scent\\vendor\\laravel\\framework\\src\\Illuminate\\Routing\\Route.php(1125): is_a()
#3 D:\\Impal3\\5SCENT_WEB\\WEB-5SCENT\\backend\\laravel-5scent\\vendor\\laravel\\framework\\src\\Illuminate\\Routing\\Route.php(1062): Illuminate\\Routing\\Route->controllerMiddleware()
#4 D:\\Impal3\\5SCENT_WEB\\WEB-5SCENT\\backend\\laravel-5scent\\vendor\\laravel\\framework\\src\\Illuminate\\Routing\\Router.php(834): Illuminate\\Routing\\Route->gatherMiddleware()
#5 D:\\Impal3\\5SCENT_WEB\\WEB-5SCENT\\backend\\laravel-5scent\\vendor\\laravel\\framework\\src\\Illuminate\\Routing\\Router.php(816): Illuminate\\Routing\\Router->gatherRouteMiddleware()
#6 D:\\Impal3\\5SCENT_WEB\\WEB-5SCENT\\backend\\laravel-5scent\\vendor\\laravel\\framework\\src\\Illuminate\\Routing\\Router.php(800): Illuminate\\Routing\\Router->runRouteWithinStack()
#7 D:\\Impal3\\5SCENT_WEB\\WEB-5SCENT\\backend\\laravel-5scent\\vendor\\laravel\\framework\\src\\Illuminate\\Routing\\Router.php(764): Illuminate\\Routing\\Router->runRoute()
#8 D:\\Impal3\\5SCENT_WEB\\WEB-5SCENT\\backend\\laravel-5scent\\vendor\\laravel\\framework\\src\\Illuminate\\Routing\\Router.php(753): Illuminate\\Routing\\Router->dispatchToRoute()
#9 D:\\Impal3\\5SCENT_WEB\\WEB-5SCENT\\backend\\laravel-5scent\\vendor\\laravel\\framework\\src\\Illuminate\\Foundation\\Http\\Kernel.php(200): Illuminate\\Routing\\Router->dispatch()
#10 D:\\Impal3\\5SCENT_WEB\\WEB-5SCENT\\backend\\laravel-5scent\\vendor\\laravel\\framework\\src\\Illuminate\\Pipeline\\Pipeline.php(180): Illuminate\\Foundation\\Http\\Kernel->{closure:Illuminate\\Foundation\\Http\\Kernel::dispatchToRouter():197}()
#11 D:\\Impal3\\5SCENT_WEB\\WEB-5SCENT\\backend\\laravel-5scent\\vendor\\laravel\\framework\\src\\Illuminate\\Foundation\\Http\\Middleware\\TransformsRequest.php(21): Illuminate\\Pipeline\\Pipeline->{closure:Illuminate\\Pipeline\\Pipeline::prepareDestination():178}()
#12 D:\\Impal3\\5SCENT_WEB\\WEB-5SCENT\\backend\\laravel-5scent\\vendor\\laravel\\framework\\src\\Illuminate\\Foundation\\Http\\Middleware\\ConvertEmptyStringsToNull.php(31): Illuminate\\Foundation\\Http\\Middleware\\TransformsRequest->handle()
#13 D:\\Impal3\\5SCENT_WEB\\WEB-5SCENT\\backend\\laravel-5scent\\vendor\\laravel\\framework\\src\\Illuminate\\Pipeline\\Pipeline.php(219): Illuminate\\Foundation\\Http\\Middleware\\ConvertEmptyStringsToNull->handle()
#14 D:\\Impal3\\5SCENT_WEB\\WEB-5SCENT\\backend\\laravel-5scent\\vendor\\laravel\\framework\\src\\Illuminate\\Foundation\\Http\\Middleware\\TransformsRequest.php(21): Illuminate\\Pipeline\\Pipeline->{closure:{closure:Illuminate\\Pipeline\\Pipeline::carry():194}:195}()
#15 D:\\Impal3\\5SCENT_WEB\\WEB-5SCENT\\backend\\laravel-5scent\\vendor\\laravel\\framework\\src\\Illuminate\\Foundation\\Http\\Middleware\\TrimStrings.php(51): Illuminate\\Foundation\\Http\\Middleware\\TransformsRequest->handle()
#16 D:\\Impal3\\5SCENT_WEB\\WEB-5SCENT\\backend\\laravel-5scent\\vendor\\laravel\\framework\\src\\Illuminate\\Pipeline\\Pipeline.php(219): Illuminate\\Foundation\\Http\\Middleware\\TrimStrings->handle()
#17 D:\\Impal3\\5SCENT_WEB\\WEB-5SCENT\\backend\\laravel-5scent\\vendor\\laravel\\framework\\src\\Illuminate\\Http\\Middleware\\ValidatePostSize.php(27): Illuminate\\Pipeline\\Pipeline->{closure:{closure:Illuminate\\Pipeline\\Pipeline::carry():194}:195}()
#18 D:\\Impal3\\5SCENT_WEB\\WEB-5SCENT\\backend\\laravel-5scent\\vendor\\laravel\\framework\\src\\Illuminate\\Pipeline\\Pipeline.php(219): Illuminate\\Http\\Middleware\\ValidatePostSize->handle()
#19 D:\\Impal3\\5SCENT_WEB\\WEB-5SCENT\\backend\\laravel-5scent\\vendor\\laravel\\framework\\src\\Illuminate\\Foundation\\Http\\Middleware\\PreventRequestsDuringMaintenance.php(109): Illuminate\\Pipeline\\Pipeline->{closure:{closure:Illuminate\\Pipeline\\Pipeline::carry():194}:195}()
#20 D:\\Impal3\\5SCENT_WEB\\WEB-5SCENT\\backend\\laravel-5scent\\vendor\\laravel\\framework\\src\\Illuminate\\Pipeline\\Pipeline.php(219): Illuminate\\Foundation\\Http\\Middleware\\PreventRequestsDuringMaintenance->handle()
#21 D:\\Impal3\\5SCENT_WEB\\WEB-5SCENT\\backend\\laravel-5scent\\vendor\\laravel\\framework\\src\\Illuminate\\Http\\Middleware\\HandleCors.php(61): Illuminate\\Pipeline\\Pipeline->{closure:{closure:Illuminate\\Pipeline\\Pipeline::carry():194}:195}()
#22 D:\\Impal3\\5SCENT_WEB\\WEB-5SCENT\\backend\\laravel-5scent\\vendor\\laravel\\framework\\src\\Illuminate\\Pipeline\\Pipeline.php(219): Illuminate\\Http\\Middleware\\HandleCors->handle()
#23 D:\\Impal3\\5SCENT_WEB\\WEB-5SCENT\\backend\\laravel-5scent\\vendor\\laravel\\framework\\src\\Illuminate\\Http\\Middleware\\TrustProxies.php(58): Illuminate\\Pipeline\\Pipeline->{closure:{closure:Illuminate\\Pipeline\\Pipeline::carry():194}:195}()
#24 D:\\Impal3\\5SCENT_WEB\\WEB-5SCENT\\backend\\laravel-5scent\\vendor\\laravel\\framework\\src\\Illuminate\\Pipeline\\Pipeline.php(219): Illuminate\\Http\\Middleware\\TrustProxies->handle()
#25 D:\\Impal3\\5SCENT_WEB\\WEB-5SCENT\\backend\\laravel-5scent\\vendor\\laravel\\framework\\src\\Illuminate\\Foundation\\Http\\Middleware\\InvokeDeferredCallbacks.php(22): Illuminate\\Pipeline\\Pipeline->{closure:{closure:Illuminate\\Pipeline\\Pipeline::carry():194}:195}()
#26 D:\\Impal3\\5SCENT_WEB\\WEB-5SCENT\\backend\\laravel-5scent\\vendor\\laravel\\framework\\src\\Illuminate\\Pipeline\\Pipeline.php(219): Illuminate\\Foundation\\Http\\Middleware\\InvokeDeferredCallbacks->handle()
#27 D:\\Impal3\\5SCENT_WEB\\WEB-5SCENT\\backend\\laravel-5scent\\vendor\\laravel\\framework\\src\\Illuminate\\Http\\Middleware\\ValidatePathEncoding.php(26): Illuminate\\Pipeline\\Pipeline->{closure:{closure:Illuminate\\Pipeline\\Pipeline::carry():194}:195}()
#28 D:\\Impal3\\5SCENT_WEB\\WEB-5SCENT\\backend\\laravel-5scent\\vendor\\laravel\\framework\\src\\Illuminate\\Pipeline\\Pipeline.php(219): Illuminate\\Http\\Middleware\\ValidatePathEncoding->handle()
#29 D:\\Impal3\\5SCENT_WEB\\WEB-5SCENT\\backend\\laravel-5scent\\vendor\\laravel\\framework\\src\\Illuminate\\Pipeline\\Pipeline.php(137): Illuminate\\Pipeline\\Pipeline->{closure:{closure:Illuminate\\Pipeline\\Pipeline::carry():194}:195}()
#30 D:\\Impal3\\5SCENT_WEB\\WEB-5SCENT\\backend\\laravel-5scent\\vendor\\laravel\\framework\\src\\Illuminate\\Foundation\\Http\\Kernel.php(175): Illuminate\\Pipeline\\Pipeline->then()
#31 D:\\Impal3\\5SCENT_WEB\\WEB-5SCENT\\backend\\laravel-5scent\\vendor\\laravel\\framework\\src\\Illuminate\\Foundation\\Http\\Kernel.php(144): Illuminate\\Foundation\\Http\\Kernel->sendRequestThroughRouter()
#32 D:\\Impal3\\5SCENT_WEB\\WEB-5SCENT\\backend\\laravel-5scent\\public\\index.php(22): Illuminate\\Foundation\\Http\\Kernel->handle()
#33 D:\\Impal3\\5SCENT_WEB\\WEB-5SCENT\\backend\\laravel-5scent\\vendor\\laravel\\framework\\src\\Illuminate\\Foundation\\resources\\server.php(23): require_once('...')
#34 {main}
"} 
[2025-11-26 11:53:55] local.ERROR: Unclosed '{' on line 12 {"exception":"[object] (ParseError(code: 0): Unclosed '{' on line 12 at D:\\Impal3\\5SCENT_WEB\\WEB-5SCENT\\backend\\laravel-5scent\\app\\Http\\Controllers\\OrderController.php:199)
[stacktrace]
#0 D:\\Impal3\\5SCENT_WEB\\WEB-5SCENT\\backend\\laravel-5scent\\vendor\\composer\\ClassLoader.php(427): {closure:Composer\\Autoload\\ClassLoader::initializeIncludeClosure():575}()
#1 [internal function]: Composer\\Autoload\\ClassLoader->loadClass()
#2 D:\\Impal3\\5SCENT_WEB\\WEB-5SCENT\\backend\\laravel-5scent\\vendor\\laravel\\framework\\src\\Illuminate\\Routing\\Route.php(1125): is_a()
#3 D:\\Impal3\\5SCENT_WEB\\WEB-5SCENT\\backend\\laravel-5scent\\vendor\\laravel\\framework\\src\\Illuminate\\Routing\\Route.php(1062): Illuminate\\Routing\\Route->controllerMiddleware()
#4 D:\\Impal3\\5SCENT_WEB\\WEB-5SCENT\\backend\\laravel-5scent\\vendor\\laravel\\framework\\src\\Illuminate\\Routing\\Router.php(834): Illuminate\\Routing\\Route->gatherMiddleware()
#5 D:\\Impal3\\5SCENT_WEB\\WEB-5SCENT\\backend\\laravel-5scent\\vendor\\laravel\\framework\\src\\Illuminate\\Routing\\Router.php(816): Illuminate\\Routing\\Router->gatherRouteMiddleware()
#6 D:\\Impal3\\5SCENT_WEB\\WEB-5SCENT\\backend\\laravel-5scent\\vendor\\laravel\\framework\\src\\Illuminate\\Routing\\Router.php(800): Illuminate\\Routing\\Router->runRouteWithinStack()
#7 D:\\Impal3\\5SCENT_WEB\\WEB-5SCENT\\backend\\laravel-5scent\\vendor\\laravel\\framework\\src\\Illuminate\\Routing\\Router.php(764): Illuminate\\Routing\\Router->runRoute()
#8 D:\\Impal3\\5SCENT_WEB\\WEB-5SCENT\\backend\\laravel-5scent\\vendor\\laravel\\framework\\src\\Illuminate\\Routing\\Router.php(753): Illuminate\\Routing\\Router->dispatchToRoute()
#9 D:\\Impal3\\5SCENT_WEB\\WEB-5SCENT\\backend\\laravel-5scent\\vendor\\laravel\\framework\\src\\Illuminate\\Foundation\\Http\\Kernel.php(200): Illuminate\\Routing\\Router->dispatch()
#10 D:\\Impal3\\5SCENT_WEB\\WEB-5SCENT\\backend\\laravel-5scent\\vendor\\laravel\\framework\\src\\Illuminate\\Pipeline\\Pipeline.php(180): Illuminate\\Foundation\\Http\\Kernel->{closure:Illuminate\\Foundation\\Http\\Kernel::dispatchToRouter():197}()
#11 D:\\Impal3\\5SCENT_WEB\\WEB-5SCENT\\backend\\laravel-5scent\\vendor\\laravel\\framework\\src\\Illuminate\\Foundation\\Http\\Middleware\\TransformsRequest.php(21): Illuminate\\Pipeline\\Pipeline->{closure:Illuminate\\Pipeline\\Pipeline::prepareDestination():178}()
#12 D:\\Impal3\\5SCENT_WEB\\WEB-5SCENT\\backend\\laravel-5scent\\vendor\\laravel\\framework\\src\\Illuminate\\Foundation\\Http\\Middleware\\ConvertEmptyStringsToNull.php(31): Illuminate\\Foundation\\Http\\Middleware\\TransformsRequest->handle()
#13 D:\\Impal3\\5SCENT_WEB\\WEB-5SCENT\\backend\\laravel-5scent\\vendor\\laravel\\framework\\src\\Illuminate\\Pipeline\\Pipeline.php(219): Illuminate\\Foundation\\Http\\Middleware\\ConvertEmptyStringsToNull->handle()
#14 D:\\Impal3\\5SCENT_WEB\\WEB-5SCENT\\backend\\laravel-5scent\\vendor\\laravel\\framework\\src\\Illuminate\\Foundation\\Http\\Middleware\\TransformsRequest.php(21): Illuminate\\Pipeline\\Pipeline->{closure:{closure:Illuminate\\Pipeline\\Pipeline::carry():194}:195}()
#15 D:\\Impal3\\5SCENT_WEB\\WEB-5SCENT\\backend\\laravel-5scent\\vendor\\laravel\\framework\\src\\Illuminate\\Foundation\\Http\\Middleware\\TrimStrings.php(51): Illuminate\\Foundation\\Http\\Middleware\\TransformsRequest->handle()
#16 D:\\Impal3\\5SCENT_WEB\\WEB-5SCENT\\backend\\laravel-5scent\\vendor\\laravel\\framework\\src\\Illuminate\\Pipeline\\Pipeline.php(219): Illuminate\\Foundation\\Http\\Middleware\\TrimStrings->handle()
#17 D:\\Impal3\\5SCENT_WEB\\WEB-5SCENT\\backend\\laravel-5scent\\vendor\\laravel\\framework\\src\\Illuminate\\Http\\Middleware\\ValidatePostSize.php(27): Illuminate\\Pipeline\\Pipeline->{closure:{closure:Illuminate\\Pipeline\\Pipeline::carry():194}:195}()
#18 D:\\Impal3\\5SCENT_WEB\\WEB-5SCENT\\backend\\laravel-5scent\\vendor\\laravel\\framework\\src\\Illuminate\\Pipeline\\Pipeline.php(219): Illuminate\\Http\\Middleware\\ValidatePostSize->handle()
#19 D:\\Impal3\\5SCENT_WEB\\WEB-5SCENT\\backend\\laravel-5scent\\vendor\\laravel\\framework\\src\\Illuminate\\Foundation\\Http\\Middleware\\PreventRequestsDuringMaintenance.php(109): Illuminate\\Pipeline\\Pipeline->{closure:{closure:Illuminate\\Pipeline\\Pipeline::carry():194}:195}()
#20 D:\\Impal3\\5SCENT_WEB\\WEB-5SCENT\\backend\\laravel-5scent\\vendor\\laravel\\framework\\src\\Illuminate\\Pipeline\\Pipeline.php(219): Illuminate\\Foundation\\Http\\Middleware\\PreventRequestsDuringMaintenance->handle()
#21 D:\\Impal3\\5SCENT_WEB\\WEB-5SCENT\\backend\\laravel-5scent\\vendor\\laravel\\framework\\src\\Illuminate\\Http\\Middleware\\HandleCors.php(61): Illuminate\\Pipeline\\Pipeline->{closure:{closure:Illuminate\\Pipeline\\Pipeline::carry():194}:195}()
#22 D:\\Impal3\\5SCENT_WEB\\WEB-5SCENT\\backend\\laravel-5scent\\vendor\\laravel\\framework\\src\\Illuminate\\Pipeline\\Pipeline.php(219): Illuminate\\Http\\Middleware\\HandleCors->handle()
#23 D:\\Impal3\\5SCENT_WEB\\WEB-5SCENT\\backend\\laravel-5scent\\vendor\\laravel\\framework\\src\\Illuminate\\Http\\Middleware\\TrustProxies.php(58): Illuminate\\Pipeline\\Pipeline->{closure:{closure:Illuminate\\Pipeline\\Pipeline::carry():194}:195}()
#24 D:\\Impal3\\5SCENT_WEB\\WEB-5SCENT\\backend\\laravel-5scent\\vendor\\laravel\\framework\\src\\Illuminate\\Pipeline\\Pipeline.php(219): Illuminate\\Http\\Middleware\\TrustProxies->handle()
#25 D:\\Impal3\\5SCENT_WEB\\WEB-5SCENT\\backend\\laravel-5scent\\vendor\\laravel\\framework\\src\\Illuminate\\Foundation\\Http\\Middleware\\InvokeDeferredCallbacks.php(22): Illuminate\\Pipeline\\Pipeline->{closure:{closure:Illuminate\\Pipeline\\Pipeline::carry():194}:195}()
#26 D:\\Impal3\\5SCENT_WEB\\WEB-5SCENT\\backend\\laravel-5scent\\vendor\\laravel\\framework\\src\\Illuminate\\Pipeline\\Pipeline.php(219): Illuminate\\Foundation\\Http\\Middleware\\InvokeDeferredCallbacks->handle()
#27 D:\\Impal3\\5SCENT_WEB\\WEB-5SCENT\\backend\\laravel-5scent\\vendor\\laravel\\framework\\src\\Illuminate\\Http\\Middleware\\ValidatePathEncoding.php(26): Illuminate\\Pipeline\\Pipeline->{closure:{closure:Illuminate\\Pipeline\\Pipeline::carry():194}:195}()
#28 D:\\Impal3\\5SCENT_WEB\\WEB-5SCENT\\backend\\laravel-5scent\\vendor\\laravel\\framework\\src\\Illuminate\\Pipeline\\Pipeline.php(219): Illuminate\\Http\\Middleware\\ValidatePathEncoding->handle()
#29 D:\\Impal3\\5SCENT_WEB\\WEB-5SCENT\\backend\\laravel-5scent\\vendor\\laravel\\framework\\src\\Illuminate\\Pipeline\\Pipeline.php(137): Illuminate\\Pipeline\\Pipeline->{closure:{closure:Illuminate\\Pipeline\\Pipeline::carry():194}:195}()
#30 D:\\Impal3\\5SCENT_WEB\\WEB-5SCENT\\backend\\laravel-5scent\\vendor\\laravel\\framework\\src\\Illuminate\\Foundation\\Http\\Kernel.php(175): Illuminate\\Pipeline\\Pipeline->then()
#31 D:\\Impal3\\5SCENT_WEB\\WEB-5SCENT\\backend\\laravel-5scent\\vendor\\laravel\\framework\\src\\Illuminate\\Foundation\\Http\\Kernel.php(144): Illuminate\\Foundation\\Http\\Kernel->sendRequestThroughRouter()
#32 D:\\Impal3\\5SCENT_WEB\\WEB-5SCENT\\backend\\laravel-5scent\\public\\index.php(22): Illuminate\\Foundation\\Http\\Kernel->handle()
#33 D:\\Impal3\\5SCENT_WEB\\WEB-5SCENT\\backend\\laravel-5scent\\vendor\\laravel\\framework\\src\\Illuminate\\Foundation\\resources\\server.php(23): require_once('...')
#34 {main}
"} 
[2025-11-26 11:54:08] local.ERROR: Unclosed '{' on line 12 {"exception":"[object] (ParseError(code: 0): Unclosed '{' on line 12 at D:\\Impal3\\5SCENT_WEB\\WEB-5SCENT\\backend\\laravel-5scent\\app\\Http\\Controllers\\OrderController.php:199)
[stacktrace]
#0 D:\\Impal3\\5SCENT_WEB\\WEB-5SCENT\\backend\\laravel-5scent\\vendor\\composer\\ClassLoader.php(427): {closure:Composer\\Autoload\\ClassLoader::initializeIncludeClosure():575}()
#1 [internal function]: Composer\\Autoload\\ClassLoader->loadClass()
#2 D:\\Impal3\\5SCENT_WEB\\WEB-5SCENT\\backend\\laravel-5scent\\vendor\\laravel\\framework\\src\\Illuminate\\Routing\\Route.php(1125): is_a()
#3 D:\\Impal3\\5SCENT_WEB\\WEB-5SCENT\\backend\\laravel-5scent\\vendor\\laravel\\framework\\src\\Illuminate\\Routing\\Route.php(1062): Illuminate\\Routing\\Route->controllerMiddleware()
#4 D:\\Impal3\\5SCENT_WEB\\WEB-5SCENT\\backend\\laravel-5scent\\vendor\\laravel\\framework\\src\\Illuminate\\Routing\\Router.php(834): Illuminate\\Routing\\Route->gatherMiddleware()
#5 D:\\Impal3\\5SCENT_WEB\\WEB-5SCENT\\backend\\laravel-5scent\\vendor\\laravel\\framework\\src\\Illuminate\\Routing\\Router.php(816): Illuminate\\Routing\\Router->gatherRouteMiddleware()
#6 D:\\Impal3\\5SCENT_WEB\\WEB-5SCENT\\backend\\laravel-5scent\\vendor\\laravel\\framework\\src\\Illuminate\\Routing\\Router.php(800): Illuminate\\Routing\\Router->runRouteWithinStack()
#7 D:\\Impal3\\5SCENT_WEB\\WEB-5SCENT\\backend\\laravel-5scent\\vendor\\laravel\\framework\\src\\Illuminate\\Routing\\Router.php(764): Illuminate\\Routing\\Router->runRoute()
#8 D:\\Impal3\\5SCENT_WEB\\WEB-5SCENT\\backend\\laravel-5scent\\vendor\\laravel\\framework\\src\\Illuminate\\Routing\\Router.php(753): Illuminate\\Routing\\Router->dispatchToRoute()
#9 D:\\Impal3\\5SCENT_WEB\\WEB-5SCENT\\backend\\laravel-5scent\\vendor\\laravel\\framework\\src\\Illuminate\\Foundation\\Http\\Kernel.php(200): Illuminate\\Routing\\Router->dispatch()
#10 D:\\Impal3\\5SCENT_WEB\\WEB-5SCENT\\backend\\laravel-5scent\\vendor\\laravel\\framework\\src\\Illuminate\\Pipeline\\Pipeline.php(180): Illuminate\\Foundation\\Http\\Kernel->{closure:Illuminate\\Foundation\\Http\\Kernel::dispatchToRouter():197}()
#11 D:\\Impal3\\5SCENT_WEB\\WEB-5SCENT\\backend\\laravel-5scent\\vendor\\laravel\\framework\\src\\Illuminate\\Foundation\\Http\\Middleware\\TransformsRequest.php(21): Illuminate\\Pipeline\\Pipeline->{closure:Illuminate\\Pipeline\\Pipeline::prepareDestination():178}()
#12 D:\\Impal3\\5SCENT_WEB\\WEB-5SCENT\\backend\\laravel-5scent\\vendor\\laravel\\framework\\src\\Illuminate\\Foundation\\Http\\Middleware\\ConvertEmptyStringsToNull.php(31): Illuminate\\Foundation\\Http\\Middleware\\TransformsRequest->handle()
#13 D:\\Impal3\\5SCENT_WEB\\WEB-5SCENT\\backend\\laravel-5scent\\vendor\\laravel\\framework\\src\\Illuminate\\Pipeline\\Pipeline.php(219): Illuminate\\Foundation\\Http\\Middleware\\ConvertEmptyStringsToNull->handle()
#14 D:\\Impal3\\5SCENT_WEB\\WEB-5SCENT\\backend\\laravel-5scent\\vendor\\laravel\\framework\\src\\Illuminate\\Foundation\\Http\\Middleware\\TransformsRequest.php(21): Illuminate\\Pipeline\\Pipeline->{closure:{closure:Illuminate\\Pipeline\\Pipeline::carry():194}:195}()
#15 D:\\Impal3\\5SCENT_WEB\\WEB-5SCENT\\backend\\laravel-5scent\\vendor\\laravel\\framework\\src\\Illuminate\\Foundation\\Http\\Middleware\\TrimStrings.php(51): Illuminate\\Foundation\\Http\\Middleware\\TransformsRequest->handle()
#16 D:\\Impal3\\5SCENT_WEB\\WEB-5SCENT\\backend\\laravel-5scent\\vendor\\laravel\\framework\\src\\Illuminate\\Pipeline\\Pipeline.php(219): Illuminate\\Foundation\\Http\\Middleware\\TrimStrings->handle()
#17 D:\\Impal3\\5SCENT_WEB\\WEB-5SCENT\\backend\\laravel-5scent\\vendor\\laravel\\framework\\src\\Illuminate\\Http\\Middleware\\ValidatePostSize.php(27): Illuminate\\Pipeline\\Pipeline->{closure:{closure:Illuminate\\Pipeline\\Pipeline::carry():194}:195}()
#18 D:\\Impal3\\5SCENT_WEB\\WEB-5SCENT\\backend\\laravel-5scent\\vendor\\laravel\\framework\\src\\Illuminate\\Pipeline\\Pipeline.php(219): Illuminate\\Http\\Middleware\\ValidatePostSize->handle()
#19 D:\\Impal3\\5SCENT_WEB\\WEB-5SCENT\\backend\\laravel-5scent\\vendor\\laravel\\framework\\src\\Illuminate\\Foundation\\Http\\Middleware\\PreventRequestsDuringMaintenance.php(109): Illuminate\\Pipeline\\Pipeline->{closure:{closure:Illuminate\\Pipeline\\Pipeline::carry():194}:195}()
#20 D:\\Impal3\\5SCENT_WEB\\WEB-5SCENT\\backend\\laravel-5scent\\vendor\\laravel\\framework\\src\\Illuminate\\Pipeline\\Pipeline.php(219): Illuminate\\Foundation\\Http\\Middleware\\PreventRequestsDuringMaintenance->handle()
#21 D:\\Impal3\\5SCENT_WEB\\WEB-5SCENT\\backend\\laravel-5scent\\vendor\\laravel\\framework\\src\\Illuminate\\Http\\Middleware\\HandleCors.php(61): Illuminate\\Pipeline\\Pipeline->{closure:{closure:Illuminate\\Pipeline\\Pipeline::carry():194}:195}()
#22 D:\\Impal3\\5SCENT_WEB\\WEB-5SCENT\\backend\\laravel-5scent\\vendor\\laravel\\framework\\src\\Illuminate\\Pipeline\\Pipeline.php(219): Illuminate\\Http\\Middleware\\HandleCors->handle()
#23 D:\\Impal3\\5SCENT_WEB\\WEB-5SCENT\\backend\\laravel-5scent\\vendor\\laravel\\framework\\src\\Illuminate\\Http\\Middleware\\TrustProxies.php(58): Illuminate\\Pipeline\\Pipeline->{closure:{closure:Illuminate\\Pipeline\\Pipeline::carry():194}:195}()
#24 D:\\Impal3\\5SCENT_WEB\\WEB-5SCENT\\backend\\laravel-5scent\\vendor\\laravel\\framework\\src\\Illuminate\\Pipeline\\Pipeline.php(219): Illuminate\\Http\\Middleware\\TrustProxies->handle()
#25 D:\\Impal3\\5SCENT_WEB\\WEB-5SCENT\\backend\\laravel-5scent\\vendor\\laravel\\framework\\src\\Illuminate\\Foundation\\Http\\Middleware\\InvokeDeferredCallbacks.php(22): Illuminate\\Pipeline\\Pipeline->{closure:{closure:Illuminate\\Pipeline\\Pipeline::carry():194}:195}()
#26 D:\\Impal3\\5SCENT_WEB\\WEB-5SCENT\\backend\\laravel-5scent\\vendor\\laravel\\framework\\src\\Illuminate\\Pipeline\\Pipeline.php(219): Illuminate\\Foundation\\Http\\Middleware\\InvokeDeferredCallbacks->handle()
#27 D:\\Impal3\\5SCENT_WEB\\WEB-5SCENT\\backend\\laravel-5scent\\vendor\\laravel\\framework\\src\\Illuminate\\Http\\Middleware\\ValidatePathEncoding.php(26): Illuminate\\Pipeline\\Pipeline->{closure:{closure:Illuminate\\Pipeline\\Pipeline::carry():194}:195}()
#28 D:\\Impal3\\5SCENT_WEB\\WEB-5SCENT\\backend\\laravel-5scent\\vendor\\laravel\\framework\\src\\Illuminate\\Pipeline\\Pipeline.php(219): Illuminate\\Http\\Middleware\\ValidatePathEncoding->handle()
#29 D:\\Impal3\\5SCENT_WEB\\WEB-5SCENT\\backend\\laravel-5scent\\vendor\\laravel\\framework\\src\\Illuminate\\Pipeline\\Pipeline.php(137): Illuminate\\Pipeline\\Pipeline->{closure:{closure:Illuminate\\Pipeline\\Pipeline::carry():194}:195}()
#30 D:\\Impal3\\5SCENT_WEB\\WEB-5SCENT\\backend\\laravel-5scent\\vendor\\laravel\\framework\\src\\Illuminate\\Foundation\\Http\\Kernel.php(175): Illuminate\\Pipeline\\Pipeline->then()
#31 D:\\Impal3\\5SCENT_WEB\\WEB-5SCENT\\backend\\laravel-5scent\\vendor\\laravel\\framework\\src\\Illuminate\\Foundation\\Http\\Kernel.php(144): Illuminate\\Foundation\\Http\\Kernel->sendRequestThroughRouter()
#32 D:\\Impal3\\5SCENT_WEB\\WEB-5SCENT\\backend\\laravel-5scent\\public\\index.php(22): Illuminate\\Foundation\\Http\\Kernel->handle()
#33 D:\\Impal3\\5SCENT_WEB\\WEB-5SCENT\\backend\\laravel-5scent\\vendor\\laravel\\framework\\src\\Illuminate\\Foundation\\resources\\server.php(23): require_once('...')
#34 {main}
"} 
[2025-11-26 11:54:09] local.ERROR: Unclosed '{' on line 12 {"exception":"[object] (ParseError(code: 0): Unclosed '{' on line 12 at D:\\Impal3\\5SCENT_WEB\\WEB-5SCENT\\backend\\laravel-5scent\\app\\Http\\Controllers\\OrderController.php:199)
[stacktrace]
#0 D:\\Impal3\\5SCENT_WEB\\WEB-5SCENT\\backend\\laravel-5scent\\vendor\\composer\\ClassLoader.php(427): {closure:Composer\\Autoload\\ClassLoader::initializeIncludeClosure():575}()
#1 [internal function]: Composer\\Autoload\\ClassLoader->loadClass()
#2 D:\\Impal3\\5SCENT_WEB\\WEB-5SCENT\\backend\\laravel-5scent\\vendor\\laravel\\framework\\src\\Illuminate\\Routing\\Route.php(1125): is_a()
#3 D:\\Impal3\\5SCENT_WEB\\WEB-5SCENT\\backend\\laravel-5scent\\vendor\\laravel\\framework\\src\\Illuminate\\Routing\\Route.php(1062): Illuminate\\Routing\\Route->controllerMiddleware()
#4 D:\\Impal3\\5SCENT_WEB\\WEB-5SCENT\\backend\\laravel-5scent\\vendor\\laravel\\framework\\src\\Illuminate\\Routing\\Router.php(834): Illuminate\\Routing\\Route->gatherMiddleware()
#5 D:\\Impal3\\5SCENT_WEB\\WEB-5SCENT\\backend\\laravel-5scent\\vendor\\laravel\\framework\\src\\Illuminate\\Routing\\Router.php(816): Illuminate\\Routing\\Router->gatherRouteMiddleware()
#6 D:\\Impal3\\5SCENT_WEB\\WEB-5SCENT\\backend\\laravel-5scent\\vendor\\laravel\\framework\\src\\Illuminate\\Routing\\Router.php(800): Illuminate\\Routing\\Router->runRouteWithinStack()
#7 D:\\Impal3\\5SCENT_WEB\\WEB-5SCENT\\backend\\laravel-5scent\\vendor\\laravel\\framework\\src\\Illuminate\\Routing\\Router.php(764): Illuminate\\Routing\\Router->runRoute()
#8 D:\\Impal3\\5SCENT_WEB\\WEB-5SCENT\\backend\\laravel-5scent\\vendor\\laravel\\framework\\src\\Illuminate\\Routing\\Router.php(753): Illuminate\\Routing\\Router->dispatchToRoute()
#9 D:\\Impal3\\5SCENT_WEB\\WEB-5SCENT\\backend\\laravel-5scent\\vendor\\laravel\\framework\\src\\Illuminate\\Foundation\\Http\\Kernel.php(200): Illuminate\\Routing\\Router->dispatch()
#10 D:\\Impal3\\5SCENT_WEB\\WEB-5SCENT\\backend\\laravel-5scent\\vendor\\laravel\\framework\\src\\Illuminate\\Pipeline\\Pipeline.php(180): Illuminate\\Foundation\\Http\\Kernel->{closure:Illuminate\\Foundation\\Http\\Kernel::dispatchToRouter():197}()
#11 D:\\Impal3\\5SCENT_WEB\\WEB-5SCENT\\backend\\laravel-5scent\\vendor\\laravel\\framework\\src\\Illuminate\\Foundation\\Http\\Middleware\\TransformsRequest.php(21): Illuminate\\Pipeline\\Pipeline->{closure:Illuminate\\Pipeline\\Pipeline::prepareDestination():178}()
#12 D:\\Impal3\\5SCENT_WEB\\WEB-5SCENT\\backend\\laravel-5scent\\vendor\\laravel\\framework\\src\\Illuminate\\Foundation\\Http\\Middleware\\ConvertEmptyStringsToNull.php(31): Illuminate\\Foundation\\Http\\Middleware\\TransformsRequest->handle()
#13 D:\\Impal3\\5SCENT_WEB\\WEB-5SCENT\\backend\\laravel-5scent\\vendor\\laravel\\framework\\src\\Illuminate\\Pipeline\\Pipeline.php(219): Illuminate\\Foundation\\Http\\Middleware\\ConvertEmptyStringsToNull->handle()
#14 D:\\Impal3\\5SCENT_WEB\\WEB-5SCENT\\backend\\laravel-5scent\\vendor\\laravel\\framework\\src\\Illuminate\\Foundation\\Http\\Middleware\\TransformsRequest.php(21): Illuminate\\Pipeline\\Pipeline->{closure:{closure:Illuminate\\Pipeline\\Pipeline::carry():194}:195}()
#15 D:\\Impal3\\5SCENT_WEB\\WEB-5SCENT\\backend\\laravel-5scent\\vendor\\laravel\\framework\\src\\Illuminate\\Foundation\\Http\\Middleware\\TrimStrings.php(51): Illuminate\\Foundation\\Http\\Middleware\\TransformsRequest->handle()
#16 D:\\Impal3\\5SCENT_WEB\\WEB-5SCENT\\backend\\laravel-5scent\\vendor\\laravel\\framework\\src\\Illuminate\\Pipeline\\Pipeline.php(219): Illuminate\\Foundation\\Http\\Middleware\\TrimStrings->handle()
#17 D:\\Impal3\\5SCENT_WEB\\WEB-5SCENT\\backend\\laravel-5scent\\vendor\\laravel\\framework\\src\\Illuminate\\Http\\Middleware\\ValidatePostSize.php(27): Illuminate\\Pipeline\\Pipeline->{closure:{closure:Illuminate\\Pipeline\\Pipeline::carry():194}:195}()
#18 D:\\Impal3\\5SCENT_WEB\\WEB-5SCENT\\backend\\laravel-5scent\\vendor\\laravel\\framework\\src\\Illuminate\\Pipeline\\Pipeline.php(219): Illuminate\\Http\\Middleware\\ValidatePostSize->handle()
#19 D:\\Impal3\\5SCENT_WEB\\WEB-5SCENT\\backend\\laravel-5scent\\vendor\\laravel\\framework\\src\\Illuminate\\Foundation\\Http\\Middleware\\PreventRequestsDuringMaintenance.php(109): Illuminate\\Pipeline\\Pipeline->{closure:{closure:Illuminate\\Pipeline\\Pipeline::carry():194}:195}()
#20 D:\\Impal3\\5SCENT_WEB\\WEB-5SCENT\\backend\\laravel-5scent\\vendor\\laravel\\framework\\src\\Illuminate\\Pipeline\\Pipeline.php(219): Illuminate\\Foundation\\Http\\Middleware\\PreventRequestsDuringMaintenance->handle()
#21 D:\\Impal3\\5SCENT_WEB\\WEB-5SCENT\\backend\\laravel-5scent\\vendor\\laravel\\framework\\src\\Illuminate\\Http\\Middleware\\HandleCors.php(61): Illuminate\\Pipeline\\Pipeline->{closure:{closure:Illuminate\\Pipeline\\Pipeline::carry():194}:195}()
#22 D:\\Impal3\\5SCENT_WEB\\WEB-5SCENT\\backend\\laravel-5scent\\vendor\\laravel\\framework\\src\\Illuminate\\Pipeline\\Pipeline.php(219): Illuminate\\Http\\Middleware\\HandleCors->handle()
#23 D:\\Impal3\\5SCENT_WEB\\WEB-5SCENT\\backend\\laravel-5scent\\vendor\\laravel\\framework\\src\\Illuminate\\Http\\Middleware\\TrustProxies.php(58): Illuminate\\Pipeline\\Pipeline->{closure:{closure:Illuminate\\Pipeline\\Pipeline::carry():194}:195}()
#24 D:\\Impal3\\5SCENT_WEB\\WEB-5SCENT\\backend\\laravel-5scent\\vendor\\laravel\\framework\\src\\Illuminate\\Pipeline\\Pipeline.php(219): Illuminate\\Http\\Middleware\\TrustProxies->handle()
#25 D:\\Impal3\\5SCENT_WEB\\WEB-5SCENT\\backend\\laravel-5scent\\vendor\\laravel\\framework\\src\\Illuminate\\Foundation\\Http\\Middleware\\InvokeDeferredCallbacks.php(22): Illuminate\\Pipeline\\Pipeline->{closure:{closure:Illuminate\\Pipeline\\Pipeline::carry():194}:195}()
#26 D:\\Impal3\\5SCENT_WEB\\WEB-5SCENT\\backend\\laravel-5scent\\vendor\\laravel\\framework\\src\\Illuminate\\Pipeline\\Pipeline.php(219): Illuminate\\Foundation\\Http\\Middleware\\InvokeDeferredCallbacks->handle()
#27 D:\\Impal3\\5SCENT_WEB\\WEB-5SCENT\\backend\\laravel-5scent\\vendor\\laravel\\framework\\src\\Illuminate\\Http\\Middleware\\ValidatePathEncoding.php(26): Illuminate\\Pipeline\\Pipeline->{closure:{closure:Illuminate\\Pipeline\\Pipeline::carry():194}:195}()
#28 D:\\Impal3\\5SCENT_WEB\\WEB-5SCENT\\backend\\laravel-5scent\\vendor\\laravel\\framework\\src\\Illuminate\\Pipeline\\Pipeline.php(219): Illuminate\\Http\\Middleware\\ValidatePathEncoding->handle()
#29 D:\\Impal3\\5SCENT_WEB\\WEB-5SCENT\\backend\\laravel-5scent\\vendor\\laravel\\framework\\src\\Illuminate\\Pipeline\\Pipeline.php(137): Illuminate\\Pipeline\\Pipeline->{closure:{closure:Illuminate\\Pipeline\\Pipeline::carry():194}:195}()
#30 D:\\Impal3\\5SCENT_WEB\\WEB-5SCENT\\backend\\laravel-5scent\\vendor\\laravel\\framework\\src\\Illuminate\\Foundation\\Http\\Kernel.php(175): Illuminate\\Pipeline\\Pipeline->then()
#31 D:\\Impal3\\5SCENT_WEB\\WEB-5SCENT\\backend\\laravel-5scent\\vendor\\laravel\\framework\\src\\Illuminate\\Foundation\\Http\\Kernel.php(144): Illuminate\\Foundation\\Http\\Kernel->sendRequestThroughRouter()
#32 D:\\Impal3\\5SCENT_WEB\\WEB-5SCENT\\backend\\laravel-5scent\\public\\index.php(22): Illuminate\\Foundation\\Http\\Kernel->handle()
#33 D:\\Impal3\\5SCENT_WEB\\WEB-5SCENT\\backend\\laravel-5scent\\vendor\\laravel\\framework\\src\\Illuminate\\Foundation\\resources\\server.php(23): require_once('...')
#34 {main}
"} 
[2025-11-26 11:54:27] local.ERROR: Unclosed '{' on line 12 {"exception":"[object] (ParseError(code: 0): Unclosed '{' on line 12 at D:\\Impal3\\5SCENT_WEB\\WEB-5SCENT\\backend\\laravel-5scent\\app\\Http\\Controllers\\OrderController.php:199)
[stacktrace]
#0 D:\\Impal3\\5SCENT_WEB\\WEB-5SCENT\\backend\\laravel-5scent\\vendor\\composer\\ClassLoader.php(427): {closure:Composer\\Autoload\\ClassLoader::initializeIncludeClosure():575}()
#1 [internal function]: Composer\\Autoload\\ClassLoader->loadClass()
#2 D:\\Impal3\\5SCENT_WEB\\WEB-5SCENT\\backend\\laravel-5scent\\vendor\\laravel\\framework\\src\\Illuminate\\Routing\\Route.php(1125): is_a()
#3 D:\\Impal3\\5SCENT_WEB\\WEB-5SCENT\\backend\\laravel-5scent\\vendor\\laravel\\framework\\src\\Illuminate\\Routing\\Route.php(1062): Illuminate\\Routing\\Route->controllerMiddleware()
#4 D:\\Impal3\\5SCENT_WEB\\WEB-5SCENT\\backend\\laravel-5scent\\vendor\\laravel\\framework\\src\\Illuminate\\Routing\\Router.php(834): Illuminate\\Routing\\Route->gatherMiddleware()
#5 D:\\Impal3\\5SCENT_WEB\\WEB-5SCENT\\backend\\laravel-5scent\\vendor\\laravel\\framework\\src\\Illuminate\\Routing\\Router.php(816): Illuminate\\Routing\\Router->gatherRouteMiddleware()
#6 D:\\Impal3\\5SCENT_WEB\\WEB-5SCENT\\backend\\laravel-5scent\\vendor\\laravel\\framework\\src\\Illuminate\\Routing\\Router.php(800): Illuminate\\Routing\\Router->runRouteWithinStack()
#7 D:\\Impal3\\5SCENT_WEB\\WEB-5SCENT\\backend\\laravel-5scent\\vendor\\laravel\\framework\\src\\Illuminate\\Routing\\Router.php(764): Illuminate\\Routing\\Router->runRoute()
#8 D:\\Impal3\\5SCENT_WEB\\WEB-5SCENT\\backend\\laravel-5scent\\vendor\\laravel\\framework\\src\\Illuminate\\Routing\\Router.php(753): Illuminate\\Routing\\Router->dispatchToRoute()
#9 D:\\Impal3\\5SCENT_WEB\\WEB-5SCENT\\backend\\laravel-5scent\\vendor\\laravel\\framework\\src\\Illuminate\\Foundation\\Http\\Kernel.php(200): Illuminate\\Routing\\Router->dispatch()
#10 D:\\Impal3\\5SCENT_WEB\\WEB-5SCENT\\backend\\laravel-5scent\\vendor\\laravel\\framework\\src\\Illuminate\\Pipeline\\Pipeline.php(180): Illuminate\\Foundation\\Http\\Kernel->{closure:Illuminate\\Foundation\\Http\\Kernel::dispatchToRouter():197}()
#11 D:\\Impal3\\5SCENT_WEB\\WEB-5SCENT\\backend\\laravel-5scent\\vendor\\laravel\\framework\\src\\Illuminate\\Foundation\\Http\\Middleware\\TransformsRequest.php(21): Illuminate\\Pipeline\\Pipeline->{closure:Illuminate\\Pipeline\\Pipeline::prepareDestination():178}()
#12 D:\\Impal3\\5SCENT_WEB\\WEB-5SCENT\\backend\\laravel-5scent\\vendor\\laravel\\framework\\src\\Illuminate\\Foundation\\Http\\Middleware\\ConvertEmptyStringsToNull.php(31): Illuminate\\Foundation\\Http\\Middleware\\TransformsRequest->handle()
#13 D:\\Impal3\\5SCENT_WEB\\WEB-5SCENT\\backend\\laravel-5scent\\vendor\\laravel\\framework\\src\\Illuminate\\Pipeline\\Pipeline.php(219): Illuminate\\Foundation\\Http\\Middleware\\ConvertEmptyStringsToNull->handle()
#14 D:\\Impal3\\5SCENT_WEB\\WEB-5SCENT\\backend\\laravel-5scent\\vendor\\laravel\\framework\\src\\Illuminate\\Foundation\\Http\\Middleware\\TransformsRequest.php(21): Illuminate\\Pipeline\\Pipeline->{closure:{closure:Illuminate\\Pipeline\\Pipeline::carry():194}:195}()
#15 D:\\Impal3\\5SCENT_WEB\\WEB-5SCENT\\backend\\laravel-5scent\\vendor\\laravel\\framework\\src\\Illuminate\\Foundation\\Http\\Middleware\\TrimStrings.php(51): Illuminate\\Foundation\\Http\\Middleware\\TransformsRequest->handle()
#16 D:\\Impal3\\5SCENT_WEB\\WEB-5SCENT\\backend\\laravel-5scent\\vendor\\laravel\\framework\\src\\Illuminate\\Pipeline\\Pipeline.php(219): Illuminate\\Foundation\\Http\\Middleware\\TrimStrings->handle()
#17 D:\\Impal3\\5SCENT_WEB\\WEB-5SCENT\\backend\\laravel-5scent\\vendor\\laravel\\framework\\src\\Illuminate\\Http\\Middleware\\ValidatePostSize.php(27): Illuminate\\Pipeline\\Pipeline->{closure:{closure:Illuminate\\Pipeline\\Pipeline::carry():194}:195}()
#18 D:\\Impal3\\5SCENT_WEB\\WEB-5SCENT\\backend\\laravel-5scent\\vendor\\laravel\\framework\\src\\Illuminate\\Pipeline\\Pipeline.php(219): Illuminate\\Http\\Middleware\\ValidatePostSize->handle()
#19 D:\\Impal3\\5SCENT_WEB\\WEB-5SCENT\\backend\\laravel-5scent\\vendor\\laravel\\framework\\src\\Illuminate\\Foundation\\Http\\Middleware\\PreventRequestsDuringMaintenance.php(109): Illuminate\\Pipeline\\Pipeline->{closure:{closure:Illuminate\\Pipeline\\Pipeline::carry():194}:195}()
#20 D:\\Impal3\\5SCENT_WEB\\WEB-5SCENT\\backend\\laravel-5scent\\vendor\\laravel\\framework\\src\\Illuminate\\Pipeline\\Pipeline.php(219): Illuminate\\Foundation\\Http\\Middleware\\PreventRequestsDuringMaintenance->handle()
#21 D:\\Impal3\\5SCENT_WEB\\WEB-5SCENT\\backend\\laravel-5scent\\vendor\\laravel\\framework\\src\\Illuminate\\Http\\Middleware\\HandleCors.php(61): Illuminate\\Pipeline\\Pipeline->{closure:{closure:Illuminate\\Pipeline\\Pipeline::carry():194}:195}()
#22 D:\\Impal3\\5SCENT_WEB\\WEB-5SCENT\\backend\\laravel-5scent\\vendor\\laravel\\framework\\src\\Illuminate\\Pipeline\\Pipeline.php(219): Illuminate\\Http\\Middleware\\HandleCors->handle()
#23 D:\\Impal3\\5SCENT_WEB\\WEB-5SCENT\\backend\\laravel-5scent\\vendor\\laravel\\framework\\src\\Illuminate\\Http\\Middleware\\TrustProxies.php(58): Illuminate\\Pipeline\\Pipeline->{closure:{closure:Illuminate\\Pipeline\\Pipeline::carry():194}:195}()
#24 D:\\Impal3\\5SCENT_WEB\\WEB-5SCENT\\backend\\laravel-5scent\\vendor\\laravel\\framework\\src\\Illuminate\\Pipeline\\Pipeline.php(219): Illuminate\\Http\\Middleware\\TrustProxies->handle()
#25 D:\\Impal3\\5SCENT_WEB\\WEB-5SCENT\\backend\\laravel-5scent\\vendor\\laravel\\framework\\src\\Illuminate\\Foundation\\Http\\Middleware\\InvokeDeferredCallbacks.php(22): Illuminate\\Pipeline\\Pipeline->{closure:{closure:Illuminate\\Pipeline\\Pipeline::carry():194}:195}()
#26 D:\\Impal3\\5SCENT_WEB\\WEB-5SCENT\\backend\\laravel-5scent\\vendor\\laravel\\framework\\src\\Illuminate\\Pipeline\\Pipeline.php(219): Illuminate\\Foundation\\Http\\Middleware\\InvokeDeferredCallbacks->handle()
#27 D:\\Impal3\\5SCENT_WEB\\WEB-5SCENT\\backend\\laravel-5scent\\vendor\\laravel\\framework\\src\\Illuminate\\Http\\Middleware\\ValidatePathEncoding.php(26): Illuminate\\Pipeline\\Pipeline->{closure:{closure:Illuminate\\Pipeline\\Pipeline::carry():194}:195}()
#28 D:\\Impal3\\5SCENT_WEB\\WEB-5SCENT\\backend\\laravel-5scent\\vendor\\laravel\\framework\\src\\Illuminate\\Pipeline\\Pipeline.php(219): Illuminate\\Http\\Middleware\\ValidatePathEncoding->handle()
#29 D:\\Impal3\\5SCENT_WEB\\WEB-5SCENT\\backend\\laravel-5scent\\vendor\\laravel\\framework\\src\\Illuminate\\Pipeline\\Pipeline.php(137): Illuminate\\Pipeline\\Pipeline->{closure:{closure:Illuminate\\Pipeline\\Pipeline::carry():194}:195}()
#30 D:\\Impal3\\5SCENT_WEB\\WEB-5SCENT\\backend\\laravel-5scent\\vendor\\laravel\\framework\\src\\Illuminate\\Foundation\\Http\\Kernel.php(175): Illuminate\\Pipeline\\Pipeline->then()
#31 D:\\Impal3\\5SCENT_WEB\\WEB-5SCENT\\backend\\laravel-5scent\\vendor\\laravel\\framework\\src\\Illuminate\\Foundation\\Http\\Kernel.php(144): Illuminate\\Foundation\\Http\\Kernel->sendRequestThroughRouter()
#32 D:\\Impal3\\5SCENT_WEB\\WEB-5SCENT\\backend\\laravel-5scent\\public\\index.php(22): Illuminate\\Foundation\\Http\\Kernel->handle()
#33 D:\\Impal3\\5SCENT_WEB\\WEB-5SCENT\\backend\\laravel-5scent\\vendor\\laravel\\framework\\src\\Illuminate\\Foundation\\resources\\server.php(23): require_once('...')
#34 {main}
"} 
[2025-11-26 11:54:27] local.ERROR: Unclosed '{' on line 12 {"exception":"[object] (ParseError(code: 0): Unclosed '{' on line 12 at D:\\Impal3\\5SCENT_WEB\\WEB-5SCENT\\backend\\laravel-5scent\\app\\Http\\Controllers\\OrderController.php:199)
[stacktrace]
#0 D:\\Impal3\\5SCENT_WEB\\WEB-5SCENT\\backend\\laravel-5scent\\vendor\\composer\\ClassLoader.php(427): {closure:Composer\\Autoload\\ClassLoader::initializeIncludeClosure():575}()
#1 [internal function]: Composer\\Autoload\\ClassLoader->loadClass()
#2 D:\\Impal3\\5SCENT_WEB\\WEB-5SCENT\\backend\\laravel-5scent\\vendor\\laravel\\framework\\src\\Illuminate\\Routing\\Route.php(1125): is_a()
#3 D:\\Impal3\\5SCENT_WEB\\WEB-5SCENT\\backend\\laravel-5scent\\vendor\\laravel\\framework\\src\\Illuminate\\Routing\\Route.php(1062): Illuminate\\Routing\\Route->controllerMiddleware()
#4 D:\\Impal3\\5SCENT_WEB\\WEB-5SCENT\\backend\\laravel-5scent\\vendor\\laravel\\framework\\src\\Illuminate\\Routing\\Router.php(834): Illuminate\\Routing\\Route->gatherMiddleware()
#5 D:\\Impal3\\5SCENT_WEB\\WEB-5SCENT\\backend\\laravel-5scent\\vendor\\laravel\\framework\\src\\Illuminate\\Routing\\Router.php(816): Illuminate\\Routing\\Router->gatherRouteMiddleware()
#6 D:\\Impal3\\5SCENT_WEB\\WEB-5SCENT\\backend\\laravel-5scent\\vendor\\laravel\\framework\\src\\Illuminate\\Routing\\Router.php(800): Illuminate\\Routing\\Router->runRouteWithinStack()
#7 D:\\Impal3\\5SCENT_WEB\\WEB-5SCENT\\backend\\laravel-5scent\\vendor\\laravel\\framework\\src\\Illuminate\\Routing\\Router.php(764): Illuminate\\Routing\\Router->runRoute()
#8 D:\\Impal3\\5SCENT_WEB\\WEB-5SCENT\\backend\\laravel-5scent\\vendor\\laravel\\framework\\src\\Illuminate\\Routing\\Router.php(753): Illuminate\\Routing\\Router->dispatchToRoute()
#9 D:\\Impal3\\5SCENT_WEB\\WEB-5SCENT\\backend\\laravel-5scent\\vendor\\laravel\\framework\\src\\Illuminate\\Foundation\\Http\\Kernel.php(200): Illuminate\\Routing\\Router->dispatch()
#10 D:\\Impal3\\5SCENT_WEB\\WEB-5SCENT\\backend\\laravel-5scent\\vendor\\laravel\\framework\\src\\Illuminate\\Pipeline\\Pipeline.php(180): Illuminate\\Foundation\\Http\\Kernel->{closure:Illuminate\\Foundation\\Http\\Kernel::dispatchToRouter():197}()
#11 D:\\Impal3\\5SCENT_WEB\\WEB-5SCENT\\backend\\laravel-5scent\\vendor\\laravel\\framework\\src\\Illuminate\\Foundation\\Http\\Middleware\\TransformsRequest.php(21): Illuminate\\Pipeline\\Pipeline->{closure:Illuminate\\Pipeline\\Pipeline::prepareDestination():178}()
#12 D:\\Impal3\\5SCENT_WEB\\WEB-5SCENT\\backend\\laravel-5scent\\vendor\\laravel\\framework\\src\\Illuminate\\Foundation\\Http\\Middleware\\ConvertEmptyStringsToNull.php(31): Illuminate\\Foundation\\Http\\Middleware\\TransformsRequest->handle()
#13 D:\\Impal3\\5SCENT_WEB\\WEB-5SCENT\\backend\\laravel-5scent\\vendor\\laravel\\framework\\src\\Illuminate\\Pipeline\\Pipeline.php(219): Illuminate\\Foundation\\Http\\Middleware\\ConvertEmptyStringsToNull->handle()
#14 D:\\Impal3\\5SCENT_WEB\\WEB-5SCENT\\backend\\laravel-5scent\\vendor\\laravel\\framework\\src\\Illuminate\\Foundation\\Http\\Middleware\\TransformsRequest.php(21): Illuminate\\Pipeline\\Pipeline->{closure:{closure:Illuminate\\Pipeline\\Pipeline::carry():194}:195}()
#15 D:\\Impal3\\5SCENT_WEB\\WEB-5SCENT\\backend\\laravel-5scent\\vendor\\laravel\\framework\\src\\Illuminate\\Foundation\\Http\\Middleware\\TrimStrings.php(51): Illuminate\\Foundation\\Http\\Middleware\\TransformsRequest->handle()
#16 D:\\Impal3\\5SCENT_WEB\\WEB-5SCENT\\backend\\laravel-5scent\\vendor\\laravel\\framework\\src\\Illuminate\\Pipeline\\Pipeline.php(219): Illuminate\\Foundation\\Http\\Middleware\\TrimStrings->handle()
#17 D:\\Impal3\\5SCENT_WEB\\WEB-5SCENT\\backend\\laravel-5scent\\vendor\\laravel\\framework\\src\\Illuminate\\Http\\Middleware\\ValidatePostSize.php(27): Illuminate\\Pipeline\\Pipeline->{closure:{closure:Illuminate\\Pipeline\\Pipeline::carry():194}:195}()
#18 D:\\Impal3\\5SCENT_WEB\\WEB-5SCENT\\backend\\laravel-5scent\\vendor\\laravel\\framework\\src\\Illuminate\\Pipeline\\Pipeline.php(219): Illuminate\\Http\\Middleware\\ValidatePostSize->handle()
#19 D:\\Impal3\\5SCENT_WEB\\WEB-5SCENT\\backend\\laravel-5scent\\vendor\\laravel\\framework\\src\\Illuminate\\Foundation\\Http\\Middleware\\PreventRequestsDuringMaintenance.php(109): Illuminate\\Pipeline\\Pipeline->{closure:{closure:Illuminate\\Pipeline\\Pipeline::carry():194}:195}()
#20 D:\\Impal3\\5SCENT_WEB\\WEB-5SCENT\\backend\\laravel-5scent\\vendor\\laravel\\framework\\src\\Illuminate\\Pipeline\\Pipeline.php(219): Illuminate\\Foundation\\Http\\Middleware\\PreventRequestsDuringMaintenance->handle()
#21 D:\\Impal3\\5SCENT_WEB\\WEB-5SCENT\\backend\\laravel-5scent\\vendor\\laravel\\framework\\src\\Illuminate\\Http\\Middleware\\HandleCors.php(61): Illuminate\\Pipeline\\Pipeline->{closure:{closure:Illuminate\\Pipeline\\Pipeline::carry():194}:195}()
#22 D:\\Impal3\\5SCENT_WEB\\WEB-5SCENT\\backend\\laravel-5scent\\vendor\\laravel\\framework\\src\\Illuminate\\Pipeline\\Pipeline.php(219): Illuminate\\Http\\Middleware\\HandleCors->handle()
#23 D:\\Impal3\\5SCENT_WEB\\WEB-5SCENT\\backend\\laravel-5scent\\vendor\\laravel\\framework\\src\\Illuminate\\Http\\Middleware\\TrustProxies.php(58): Illuminate\\Pipeline\\Pipeline->{closure:{closure:Illuminate\\Pipeline\\Pipeline::carry():194}:195}()
#24 D:\\Impal3\\5SCENT_WEB\\WEB-5SCENT\\backend\\laravel-5scent\\vendor\\laravel\\framework\\src\\Illuminate\\Pipeline\\Pipeline.php(219): Illuminate\\Http\\Middleware\\TrustProxies->handle()
#25 D:\\Impal3\\5SCENT_WEB\\WEB-5SCENT\\backend\\laravel-5scent\\vendor\\laravel\\framework\\src\\Illuminate\\Foundation\\Http\\Middleware\\InvokeDeferredCallbacks.php(22): Illuminate\\Pipeline\\Pipeline->{closure:{closure:Illuminate\\Pipeline\\Pipeline::carry():194}:195}()
#26 D:\\Impal3\\5SCENT_WEB\\WEB-5SCENT\\backend\\laravel-5scent\\vendor\\laravel\\framework\\src\\Illuminate\\Pipeline\\Pipeline.php(219): Illuminate\\Foundation\\Http\\Middleware\\InvokeDeferredCallbacks->handle()
#27 D:\\Impal3\\5SCENT_WEB\\WEB-5SCENT\\backend\\laravel-5scent\\vendor\\laravel\\framework\\src\\Illuminate\\Http\\Middleware\\ValidatePathEncoding.php(26): Illuminate\\Pipeline\\Pipeline->{closure:{closure:Illuminate\\Pipeline\\Pipeline::carry():194}:195}()
#28 D:\\Impal3\\5SCENT_WEB\\WEB-5SCENT\\backend\\laravel-5scent\\vendor\\laravel\\framework\\src\\Illuminate\\Pipeline\\Pipeline.php(219): Illuminate\\Http\\Middleware\\ValidatePathEncoding->handle()
#29 D:\\Impal3\\5SCENT_WEB\\WEB-5SCENT\\backend\\laravel-5scent\\vendor\\laravel\\framework\\src\\Illuminate\\Pipeline\\Pipeline.php(137): Illuminate\\Pipeline\\Pipeline->{closure:{closure:Illuminate\\Pipeline\\Pipeline::carry():194}:195}()
#30 D:\\Impal3\\5SCENT_WEB\\WEB-5SCENT\\backend\\laravel-5scent\\vendor\\laravel\\framework\\src\\Illuminate\\Foundation\\Http\\Kernel.php(175): Illuminate\\Pipeline\\Pipeline->then()
#31 D:\\Impal3\\5SCENT_WEB\\WEB-5SCENT\\backend\\laravel-5scent\\vendor\\laravel\\framework\\src\\Illuminate\\Foundation\\Http\\Kernel.php(144): Illuminate\\Foundation\\Http\\Kernel->sendRequestThroughRouter()
#32 D:\\Impal3\\5SCENT_WEB\\WEB-5SCENT\\backend\\laravel-5scent\\public\\index.php(22): Illuminate\\Foundation\\Http\\Kernel->handle()
#33 D:\\Impal3\\5SCENT_WEB\\WEB-5SCENT\\backend\\laravel-5scent\\vendor\\laravel\\framework\\src\\Illuminate\\Foundation\\resources\\server.php(23): require_once('...')
#34 {main}
"} 
